# JRE version: OpenJDK Runtime Environment (11.0.4+11) (build 11.0.4+11-post-Ubuntu-1ubuntu218.04.3)
# Java VM: OpenJDK 64-Bit Server VM (11.0.4+11-post-Ubuntu-1ubuntu218.04.3, mixed mode, sharing, tiered, compressed oops, g1 gc, linux-amd64)
Heap:
 garbage-first heap   total 129024K, used 49627K [0x0000000084c00000, 0x0000000100000000)
  region size 1024K, 31 young (31744K), 4 survivors (4096K)
 Metaspace       used 36758K, capacity 38183K, committed 38348K, reserved 1081344K
  class space    used 4938K, capacity 5549K, committed 5632K, reserved 1048576K
GC Heap History (8 events):
Event: 0,413 GC heap before
{Heap before GC invocations=0 (full 0):
 garbage-first heap   total 129024K, used 14968K [0x0000000084c00000, 0x0000000100000000)
  region size 1024K, 14 young (14336K), 0 survivors (0K)
 Metaspace       used 2934K, capacity 6213K, committed 6400K, reserved 1056768K
  class space    used 356K, capacity 720K, committed 768K, reserved 1048576K
}
Event: 0,421 GC heap after
{Heap after GC invocations=1 (full 0):
 garbage-first heap   total 129024K, used 2905K [0x0000000084c00000, 0x0000000100000000)
  region size 1024K, 2 young (2048K), 2 survivors (2048K)
 Metaspace       used 2934K, capacity 6213K, committed 6400K, reserved 1056768K
  class space    used 356K, capacity 720K, committed 768K, reserved 1048576K
}
Event: 2,408 GC heap before
{Heap before GC invocations=1 (full 0):
 garbage-first heap   total 129024K, used 56153K [0x0000000084c00000, 0x0000000100000000)
  region size 1024K, 55 young (56320K), 2 survivors (2048K)
 Metaspace       used 20343K, capacity 20908K, committed 21248K, reserved 1067008K
  class space    used 2478K, capacity 2720K, committed 2816K, reserved 1048576K
}
Event: 2,428 GC heap after
{Heap after GC invocations=2 (full 0):
 garbage-first heap   total 129024K, used 11944K [0x0000000084c00000, 0x0000000100000000)
  region size 1024K, 10 young (10240K), 10 survivors (10240K)
 Metaspace       used 20343K, capacity 20908K, committed 21248K, reserved 1067008K
  class space    used 2478K, capacity 2720K, committed 2816K, reserved 1048576K
}
Event: 3,477 GC heap before
{Heap before GC invocations=3 (full 0):
 garbage-first heap   total 129024K, used 59048K [0x0000000084c00000, 0x0000000100000000)
  region size 1024K, 56 young (57344K), 10 survivors (10240K)
 Metaspace       used 30369K, capacity 31369K, committed 31744K, reserved 1077248K
  class space    used 4096K, capacity 4518K, committed 4608K, reserved 1048576K
}
Event: 3,503 GC heap after
{Heap after GC invocations=4 (full 0):
 garbage-first heap   total 129024K, used 16685K [0x0000000084c00000, 0x0000000100000000)
  region size 1024K, 5 young (5120K), 5 survivors (5120K)
 Metaspace       used 30369K, capacity 31369K, committed 31744K, reserved 1077248K
  class space    used 4096K, capacity 4518K, committed 4608K, reserved 1048576K
}
Event: 4,232 GC heap before
{Heap before GC invocations=4 (full 0):
 garbage-first heap   total 129024K, used 38189K [0x0000000084c00000, 0x0000000100000000)
  region size 1024K, 27 young (27648K), 5 survivors (5120K)
 Metaspace       used 34330K, capacity 35718K, committed 35840K, reserved 1079296K
  class space    used 4772K, capacity 5355K, committed 5376K, reserved 1048576K
}
Event: 4,252 GC heap after
{Heap after GC invocations=5 (full 0):
 garbage-first heap   total 129024K, used 20955K [0x0000000084c00000, 0x0000000100000000)
  region size 1024K, 4 young (4096K), 4 survivors (4096K)
 Metaspace       used 34330K, capacity 35718K, committed 35840K, reserved 1079296K
  class space    used 4772K, capacity 5355K, committed 5376K, reserved 1048576K
}

